This file contains any messages produced by compilers while
running configure, to aid debugging if configure makes a mistake.

It was created by protobuf-c configure 1.3.3, which was
generated by GNU Autoconf 2.69.  Invocation command line was

  $ ./configure --prefix=/home/iscle/install

## --------- ##
## Platform. ##
## --------- ##

hostname = DESKTOP-N234E4K
uname -m = x86_64
uname -r = 4.4.0-19041-Microsoft
uname -s = Linux
uname -v = #488-Microsoft Mon Sep 01 13:43:00 PST 2020

/usr/bin/uname -p = x86_64
/bin/uname -X     = unknown

/bin/arch              = x86_64
/usr/bin/arch -k       = unknown
/usr/convex/getsysinfo = unknown
/usr/bin/hostinfo      = unknown
/bin/machine           = unknown
/usr/bin/oslevel       = unknown
/bin/universe          = unknown

PATH: /usr/local/sbin
PATH: /usr/local/bin
PATH: /usr/sbin
PATH: /usr/bin
PATH: /sbin
PATH: /bin
PATH: /usr/games
PATH: /usr/local/games
PATH: /mnt/c/Python39/Scripts/
PATH: /mnt/c/Python39/
PATH: /mnt/c/Program Files (x86)/Common Files/Oracle/Java/javapath
PATH: /mnt/c/Program Files/Common Files/Oracle/Java/javapath
PATH: /mnt/c/Program Files (x86)/VMware/VMware Workstation/bin/
PATH: /mnt/c/Windows/system32
PATH: /mnt/c/Windows
PATH: /mnt/c/Windows/System32/Wbem
PATH: /mnt/c/Windows/System32/WindowsPowerShell/v1.0/
PATH: /mnt/c/Windows/System32/OpenSSH/
PATH: /mnt/c/Program Files (x86)/NVIDIA Corporation/PhysX/Common
PATH: /mnt/c/Program Files/PuTTY/
PATH: /mnt/c/Program Files/Git/cmd
PATH: /mnt/c/Users/Iscle/AppData/Local/Microsoft/WindowsApps
PATH: /mnt/c/Users/Iscle/AppData/Local/Android/Sdk/platform-tools
PATH: /mnt/c/src/flutter/bin
PATH: /mnt/c/texlive/2020/bin/win32
PATH: /mnt/c/Users/Iscle/AppData/Roaming/DevTools/
PATH: /mnt/c/Program Files/nodejs/
PATH: /mnt/c/ProgramData/chocolatey/bin
PATH: /mnt/c/Program Files (x86)/STMicroelectronics/STM32 ST-LINK Utility/ST-LINK Utility
PATH: /mnt/c/Program Files/dotnet/
PATH: /mnt/c/Users/Iscle/AppData/Local/Programs/Microsoft VS Code/bin
PATH: /mnt/c/Users/Iscle/AppData/Roaming/npm
PATH: /mnt/c/Users/Iscle/.dotnet/tools
PATH: /snap/bin


## ----------- ##
## Core tests. ##
## ----------- ##

configure:2601: checking for a BSD-compatible install
configure:2669: result: /usr/bin/install -c
configure:2680: checking whether build environment is sane
configure:2735: result: yes
configure:2884: checking for a thread-safe mkdir -p
configure:2923: result: /usr/bin/mkdir -p
configure:2930: checking for gawk
configure:2946: found /usr/bin/gawk
configure:2957: result: gawk
configure:2968: checking whether make sets $(MAKE)
configure:2990: result: yes
configure:3019: checking whether make supports nested variables
configure:3036: result: yes
configure:3166: checking whether make supports the include directive
configure:3181: make -f confmf.GNU && cat confinc.out
this is the am__doit target
configure:3184: $? = 0
configure:3203: result: yes (GNU style)
configure:3273: checking for gcc
configure:3289: found /usr/bin/gcc
configure:3300: result: gcc
configure:3529: checking for C compiler version
configure:3538: gcc --version >&5
gcc (Ubuntu 9.3.0-17ubuntu1~20.04) 9.3.0
Copyright (C) 2019 Free Software Foundation, Inc.
This is free software; see the source for copying conditions.  There is NO
warranty; not even for MERCHANTABILITY or FITNESS FOR A PARTICULAR PURPOSE.

configure:3549: $? = 0
configure:3538: gcc -v >&5
Using built-in specs.
COLLECT_GCC=gcc
COLLECT_LTO_WRAPPER=/usr/lib/gcc/x86_64-linux-gnu/9/lto-wrapper
OFFLOAD_TARGET_NAMES=nvptx-none:hsa
OFFLOAD_TARGET_DEFAULT=1
Target: x86_64-linux-gnu
Configured with: ../src/configure -v --with-pkgversion='Ubuntu 9.3.0-17ubuntu1~20.04' --with-bugurl=file:///usr/share/doc/gcc-9/README.Bugs --enable-languages=c,ada,c++,go,brig,d,fortran,objc,obj-c++,gm2 --prefix=/usr --with-gcc-major-version-only --program-suffix=-9 --program-prefix=x86_64-linux-gnu- --enable-shared --enable-linker-build-id --libexecdir=/usr/lib --without-included-gettext --enable-threads=posix --libdir=/usr/lib --enable-nls --enable-clocale=gnu --enable-libstdcxx-debug --enable-libstdcxx-time=yes --with-default-libstdcxx-abi=new --enable-gnu-unique-object --disable-vtable-verify --enable-plugin --enable-default-pie --with-system-zlib --with-target-system-zlib=auto --enable-objc-gc=auto --enable-multiarch --disable-werror --with-arch-32=i686 --with-abi=m64 --with-multilib-list=m32,m64,mx32 --enable-multilib --with-tune=generic --enable-offload-targets=nvptx-none=/build/gcc-9-HskZEa/gcc-9-9.3.0/debian/tmp-nvptx/usr,hsa --without-cuda-driver --enable-checking=release --build=x86_64-linux-gnu --host=x86_64-linux-gnu --target=x86_64-linux-gnu
Thread model: posix
gcc version 9.3.0 (Ubuntu 9.3.0-17ubuntu1~20.04) 
configure:3549: $? = 0
configure:3538: gcc -V >&5
gcc: error: unrecognized command line option '-V'
gcc: fatal error: no input files
compilation terminated.
configure:3549: $? = 1
configure:3538: gcc -qversion >&5
gcc: error: unrecognized command line option '-qversion'; did you mean '--version'?
gcc: fatal error: no input files
compilation terminated.
configure:3549: $? = 1
configure:3569: checking whether the C compiler works
configure:3591: gcc    conftest.c  >&5
configure:3595: $? = 0
configure:3643: result: yes
configure:3646: checking for C compiler default output file name
configure:3648: result: a.out
configure:3654: checking for suffix of executables
configure:3661: gcc -o conftest    conftest.c  >&5
configure:3665: $? = 0
configure:3687: result: 
configure:3709: checking whether we are cross compiling
configure:3717: gcc -o conftest    conftest.c  >&5
configure:3721: $? = 0
configure:3728: ./conftest
configure:3732: $? = 0
configure:3720: result: no
configure:3725: checking for suffix of object files
configure:3747: gcc -c   conftest.c >&5
configure:3751: $? = 0
configure:3772: result: o
configure:3776: checking whether we are using the GNU C compiler
configure:3795: gcc -c   conftest.c >&5
configure:3795: $? = 0
configure:3804: result: yes
configure:3813: checking whether gcc accepts -g
configure:3833: gcc -c -g  conftest.c >&5
configure:3833: $? = 0
configure:3874: result: yes
configure:3891: checking for gcc option to accept ISO C89
configure:3954: gcc  -c -g -O2  conftest.c >&5
configure:3954: $? = 0
configure:3967: result: none needed
configure:3992: checking whether gcc understands -c and -o together
configure:4014: gcc -c conftest.c -o conftest2.o
configure:4017: $? = 0
configure:4014: gcc -c conftest.c -o conftest2.o
configure:4017: $? = 0
configure:4029: result: yes
configure:4048: checking dependency style of gcc
configure:4159: result: gcc3
configure:4178: checking for gcc option to accept ISO C99
configure:4327: gcc  -c -g -O2  conftest.c >&5
configure:4327: $? = 0
configure:4340: result: none needed
configure:4448: checking for gcc option to accept ISO Standard C
configure:4459: result: none needed
configure:4524: checking for g++
configure:4540: found /usr/bin/g++
configure:4551: result: g++
configure:4578: checking for C++ compiler version
configure:4587: g++ --version >&5
g++ (Ubuntu 9.3.0-17ubuntu1~20.04) 9.3.0
Copyright (C) 2019 Free Software Foundation, Inc.
This is free software; see the source for copying conditions.  There is NO
warranty; not even for MERCHANTABILITY or FITNESS FOR A PARTICULAR PURPOSE.

configure:4598: $? = 0
configure:4587: g++ -v >&5
Using built-in specs.
COLLECT_GCC=g++
COLLECT_LTO_WRAPPER=/usr/lib/gcc/x86_64-linux-gnu/9/lto-wrapper
OFFLOAD_TARGET_NAMES=nvptx-none:hsa
OFFLOAD_TARGET_DEFAULT=1
Target: x86_64-linux-gnu
Configured with: ../src/configure -v --with-pkgversion='Ubuntu 9.3.0-17ubuntu1~20.04' --with-bugurl=file:///usr/share/doc/gcc-9/README.Bugs --enable-languages=c,ada,c++,go,brig,d,fortran,objc,obj-c++,gm2 --prefix=/usr --with-gcc-major-version-only --program-suffix=-9 --program-prefix=x86_64-linux-gnu- --enable-shared --enable-linker-build-id --libexecdir=/usr/lib --without-included-gettext --enable-threads=posix --libdir=/usr/lib --enable-nls --enable-clocale=gnu --enable-libstdcxx-debug --enable-libstdcxx-time=yes --with-default-libstdcxx-abi=new --enable-gnu-unique-object --disable-vtable-verify --enable-plugin --enable-default-pie --with-system-zlib --with-target-system-zlib=auto --enable-objc-gc=auto --enable-multiarch --disable-werror --with-arch-32=i686 --with-abi=m64 --with-multilib-list=m32,m64,mx32 --enable-multilib --with-tune=generic --enable-offload-targets=nvptx-none=/build/gcc-9-HskZEa/gcc-9-9.3.0/debian/tmp-nvptx/usr,hsa --without-cuda-driver --enable-checking=release --build=x86_64-linux-gnu --host=x86_64-linux-gnu --target=x86_64-linux-gnu
Thread model: posix
gcc version 9.3.0 (Ubuntu 9.3.0-17ubuntu1~20.04) 
configure:4598: $? = 0
configure:4587: g++ -V >&5
g++: error: unrecognized command line option '-V'
g++: fatal error: no input files
compilation terminated.
configure:4598: $? = 1
configure:4587: g++ -qversion >&5
g++: error: unrecognized command line option '-qversion'; did you mean '--version'?
g++: fatal error: no input files
compilation terminated.
configure:4598: $? = 1
configure:4602: checking whether we are using the GNU C++ compiler
configure:4621: g++ -c   conftest.cpp >&5
configure:4621: $? = 0
configure:4630: result: yes
configure:4639: checking whether g++ accepts -g
configure:4659: g++ -c -g  conftest.cpp >&5
configure:4659: $? = 0
configure:4700: result: yes
configure:4725: checking dependency style of g++
configure:4836: result: gcc3
configure:4851: checking whether ln -s works
configure:4855: result: yes
configure:4869: checking how to run the C preprocessor
configure:4900: gcc -E  conftest.c
configure:4900: $? = 0
configure:4914: gcc -E  conftest.c
conftest.c:11:10: fatal error: ac_nonexistent.h: No such file or directory
   11 | #include <ac_nonexistent.h>
      |          ^~~~~~~~~~~~~~~~~~
compilation terminated.
configure:4914: $? = 1
configure: failed program was:
| /* confdefs.h */
| #define PACKAGE_NAME "protobuf-c"
| #define PACKAGE_TARNAME "protobuf-c"
| #define PACKAGE_VERSION "1.3.3"
| #define PACKAGE_STRING "protobuf-c 1.3.3"
| #define PACKAGE_BUGREPORT "https://github.com/protobuf-c/protobuf-c/issues"
| #define PACKAGE_URL "https://github.com/protobuf-c/protobuf-c"
| #define PACKAGE "protobuf-c"
| #define VERSION "1.3.3"
| /* end confdefs.h.  */
| #include <ac_nonexistent.h>
configure:4939: result: gcc -E
configure:4959: gcc -E  conftest.c
configure:4959: $? = 0
configure:4973: gcc -E  conftest.c
conftest.c:11:10: fatal error: ac_nonexistent.h: No such file or directory
   11 | #include <ac_nonexistent.h>
      |          ^~~~~~~~~~~~~~~~~~
compilation terminated.
configure:4973: $? = 1
configure: failed program was:
| /* confdefs.h */
| #define PACKAGE_NAME "protobuf-c"
| #define PACKAGE_TARNAME "protobuf-c"
| #define PACKAGE_VERSION "1.3.3"
| #define PACKAGE_STRING "protobuf-c 1.3.3"
| #define PACKAGE_BUGREPORT "https://github.com/protobuf-c/protobuf-c/issues"
| #define PACKAGE_URL "https://github.com/protobuf-c/protobuf-c"
| #define PACKAGE "protobuf-c"
| #define VERSION "1.3.3"
| /* end confdefs.h.  */
| #include <ac_nonexistent.h>
configure:5002: checking for grep that handles long lines and -e
configure:5060: result: /usr/bin/grep
configure:5065: checking for egrep
configure:5127: result: /usr/bin/grep -E
configure:5132: checking for ANSI C header files
configure:5152: gcc -c -g -O2  conftest.c >&5
configure:5152: $? = 0
configure:5225: gcc -o conftest -g -O2   conftest.c  >&5
configure:5225: $? = 0
configure:5225: ./conftest
configure:5225: $? = 0
configure:5236: result: yes
configure:5249: checking for sys/types.h
configure:5249: gcc -c -g -O2  conftest.c >&5
configure:5249: $? = 0
configure:5249: result: yes
configure:5249: checking for sys/stat.h
configure:5249: gcc -c -g -O2  conftest.c >&5
configure:5249: $? = 0
configure:5249: result: yes
configure:5249: checking for stdlib.h
configure:5249: gcc -c -g -O2  conftest.c >&5
configure:5249: $? = 0
configure:5249: result: yes
configure:5249: checking for string.h
configure:5249: gcc -c -g -O2  conftest.c >&5
configure:5249: $? = 0
configure:5249: result: yes
configure:5249: checking for memory.h
configure:5249: gcc -c -g -O2  conftest.c >&5
configure:5249: $? = 0
configure:5249: result: yes
configure:5249: checking for strings.h
configure:5249: gcc -c -g -O2  conftest.c >&5
configure:5249: $? = 0
configure:5249: result: yes
configure:5249: checking for inttypes.h
configure:5249: gcc -c -g -O2  conftest.c >&5
configure:5249: $? = 0
configure:5249: result: yes
configure:5249: checking for stdint.h
configure:5249: gcc -c -g -O2  conftest.c >&5
configure:5249: $? = 0
configure:5249: result: yes
configure:5249: checking for unistd.h
configure:5249: gcc -c -g -O2  conftest.c >&5
configure:5249: $? = 0
configure:5249: result: yes
configure:5262: checking minix/config.h usability
configure:5262: gcc -c -g -O2  conftest.c >&5
conftest.c:54:10: fatal error: minix/config.h: No such file or directory
   54 | #include <minix/config.h>
      |          ^~~~~~~~~~~~~~~~
compilation terminated.
configure:5262: $? = 1
configure: failed program was:
| /* confdefs.h */
| #define PACKAGE_NAME "protobuf-c"
| #define PACKAGE_TARNAME "protobuf-c"
| #define PACKAGE_VERSION "1.3.3"
| #define PACKAGE_STRING "protobuf-c 1.3.3"
| #define PACKAGE_BUGREPORT "https://github.com/protobuf-c/protobuf-c/issues"
| #define PACKAGE_URL "https://github.com/protobuf-c/protobuf-c"
| #define PACKAGE "protobuf-c"
| #define VERSION "1.3.3"
| #define STDC_HEADERS 1
| #define HAVE_SYS_TYPES_H 1
| #define HAVE_SYS_STAT_H 1
| #define HAVE_STDLIB_H 1
| #define HAVE_STRING_H 1
| #define HAVE_MEMORY_H 1
| #define HAVE_STRINGS_H 1
| #define HAVE_INTTYPES_H 1
| #define HAVE_STDINT_H 1
| #define HAVE_UNISTD_H 1
| /* end confdefs.h.  */
| #include <stdio.h>
| #ifdef HAVE_SYS_TYPES_H
| # include <sys/types.h>
| #endif
| #ifdef HAVE_SYS_STAT_H
| # include <sys/stat.h>
| #endif
| #ifdef STDC_HEADERS
| # include <stdlib.h>
| # include <stddef.h>
| #else
| # ifdef HAVE_STDLIB_H
| #  include <stdlib.h>
| # endif
| #endif
| #ifdef HAVE_STRING_H
| # if !defined STDC_HEADERS && defined HAVE_MEMORY_H
| #  include <memory.h>
| # endif
| # include <string.h>
| #endif
| #ifdef HAVE_STRINGS_H
| # include <strings.h>
| #endif
| #ifdef HAVE_INTTYPES_H
| # include <inttypes.h>
| #endif
| #ifdef HAVE_STDINT_H
| # include <stdint.h>
| #endif
| #ifdef HAVE_UNISTD_H
| # include <unistd.h>
| #endif
| #include <minix/config.h>
configure:5262: result: no
configure:5262: checking minix/config.h presence
configure:5262: gcc -E  conftest.c
conftest.c:21:10: fatal error: minix/config.h: No such file or directory
   21 | #include <minix/config.h>
      |          ^~~~~~~~~~~~~~~~
compilation terminated.
configure:5262: $? = 1
configure: failed program was:
| /* confdefs.h */
| #define PACKAGE_NAME "protobuf-c"
| #define PACKAGE_TARNAME "protobuf-c"
| #define PACKAGE_VERSION "1.3.3"
| #define PACKAGE_STRING "protobuf-c 1.3.3"
| #define PACKAGE_BUGREPORT "https://github.com/protobuf-c/protobuf-c/issues"
| #define PACKAGE_URL "https://github.com/protobuf-c/protobuf-c"
| #define PACKAGE "protobuf-c"
| #define VERSION "1.3.3"
| #define STDC_HEADERS 1
| #define HAVE_SYS_TYPES_H 1
| #define HAVE_SYS_STAT_H 1
| #define HAVE_STDLIB_H 1
| #define HAVE_STRING_H 1
| #define HAVE_MEMORY_H 1
| #define HAVE_STRINGS_H 1
| #define HAVE_INTTYPES_H 1
| #define HAVE_STDINT_H 1
| #define HAVE_UNISTD_H 1
| /* end confdefs.h.  */
| #include <minix/config.h>
configure:5262: result: no
configure:5262: checking for minix/config.h
configure:5262: result: no
configure:5283: checking whether it is safe to define __EXTENSIONS__
configure:5301: gcc -c -g -O2  conftest.c >&5
configure:5301: $? = 0
configure:5308: result: yes
configure:5329: checking for special C compiler options needed for large files
configure:5374: result: no
configure:5380: checking for _FILE_OFFSET_BITS value needed for large files
configure:5405: gcc -c -g -O2  conftest.c >&5
configure:5405: $? = 0
configure:5437: result: no
configure:5534: checking whether make supports nested variables
configure:5551: result: yes
configure:5591: checking build system type
configure:5605: result: x86_64-pc-linux-gnu
configure:5625: checking host system type
configure:5638: result: x86_64-pc-linux-gnu
configure:5679: checking how to print strings
configure:5706: result: printf
configure:5727: checking for a sed that does not truncate output
configure:5791: result: /usr/bin/sed
configure:5809: checking for fgrep
configure:5871: result: /usr/bin/grep -F
configure:5906: checking for ld used by gcc
configure:5973: result: /usr/bin/ld
configure:5980: checking if the linker (/usr/bin/ld) is GNU ld
configure:5995: result: yes
configure:6007: checking for BSD- or MS-compatible name lister (nm)
configure:6061: result: /usr/bin/nm -B
configure:6191: checking the name lister (/usr/bin/nm -B) interface
configure:6198: gcc -c -g -O2  conftest.c >&5
configure:6201: /usr/bin/nm -B "conftest.o"
configure:6204: output
0000000000000000 B some_variable
configure:6205: result: BSD nm
configure:6209: checking the maximum length of command line arguments
configure:6340: result: 1572864
configure:6388: checking how to convert x86_64-pc-linux-gnu file names to x86_64-pc-linux-gnu format
configure:6428: result: func_convert_file_noop
configure:6435: checking how to convert x86_64-pc-linux-gnu file names to toolchain format
configure:6455: result: func_convert_file_noop
configure:6462: checking for /usr/bin/ld option to reload object files
configure:6469: result: -r
configure:6543: checking for objdump
configure:6559: found /usr/bin/objdump
configure:6570: result: objdump
configure:6602: checking how to recognize dependent libraries
configure:6802: result: pass_all
configure:6887: checking for dlltool
configure:6917: result: no
configure:6947: checking how to associate runtime and link libraries
configure:6974: result: printf %s\n
configure:7034: checking for ar
configure:7050: found /usr/bin/ar
configure:7061: result: ar
configure:7098: checking for archiver @FILE support
configure:7115: gcc -c -g -O2  conftest.c >&5
configure:7115: $? = 0
configure:7118: ar cr libconftest.a @conftest.lst >&5
configure:7121: $? = 0
configure:7126: ar cr libconftest.a @conftest.lst >&5
ar: conftest.o: No such file or directory
configure:7129: $? = 1
configure:7128: result: @
configure:7186: checking for strip
configure:7202: found /usr/bin/strip
configure:7213: result: strip
configure:7285: checking for ranlib
configure:7301: found /usr/bin/ranlib
configure:7312: result: ranlib
configure:7414: checking command to parse /usr/bin/nm -B output from gcc object
configure:7567: gcc -c -g -O2  conftest.c >&5
configure:7570: $? = 0
configure:7574: /usr/bin/nm -B conftest.o | sed -n -e 's/^.*[	 ]\([ABCDGIRSTW][ABCDGIRSTW]*\)[	 ][	 ]*\([_A-Za-z][_A-Za-z0-9]*\)$/\1 \2 \2/p' | sed '/ __gnu_lto/d' > conftest.nm
configure:7640: gcc -o conftest -g -O2   conftest.c conftstm.o >&5
configure:7643: $? = 0
configure:7681: result: ok
configure:7728: checking for sysroot
configure:7758: result: no
configure:7765: checking for a working dd
configure:7803: result: /usr/bin/dd
configure:7807: checking how to truncate binary pipes
configure:7822: result: /usr/bin/dd bs=4096 count=1
configure:7958: gcc -c -g -O2  conftest.c >&5
configure:7961: $? = 0
configure:8151: checking for mt
configure:8167: found /usr/bin/mt
configure:8178: result: mt
configure:8201: checking if mt is a manifest tool
configure:8207: mt '-?'
configure:8215: result: no
configure:8889: checking for dlfcn.h
configure:8889: gcc -c -g -O2  conftest.c >&5
configure:8889: $? = 0
configure:8889: result: yes
configure:9156: checking for objdir
configure:9171: result: .libs
configure:9435: checking if gcc supports -fno-rtti -fno-exceptions
configure:9453: gcc -c -g -O2  -fno-rtti -fno-exceptions conftest.c >&5
cc1: warning: command line option '-fno-rtti' is valid for C++/D/ObjC++ but not for C
configure:9457: $? = 0
configure:9470: result: no
configure:9834: checking for gcc option to produce PIC
configure:9841: result: -fPIC -DPIC
configure:9849: checking if gcc PIC flag -fPIC -DPIC works
configure:9867: gcc -c -g -O2  -fPIC -DPIC -DPIC conftest.c >&5
configure:9871: $? = 0
configure:9884: result: yes
configure:9913: checking if gcc static flag -static works
configure:9941: result: yes
configure:9956: checking if gcc supports -c -o file.o
configure:9977: gcc -c -g -O2  -o out/conftest2.o conftest.c >&5
configure:9981: $? = 0
configure:10003: result: yes
configure:10011: checking if gcc supports -c -o file.o
configure:10058: result: yes
configure:10091: checking whether the gcc linker (/usr/bin/ld -m elf_x86_64) supports shared libraries
configure:11354: result: yes
configure:11391: checking whether -lc should be explicitly linked in
configure:11399: gcc -c -g -O2  conftest.c >&5
configure:11402: $? = 0
configure:11417: gcc -shared  -fPIC -DPIC conftest.o  -v -Wl,-soname -Wl,conftest -o conftest 2\>\&1 \| /usr/bin/grep  -lc  \>/dev/null 2\>\&1
configure:11420: $? = 0
configure:11434: result: no
configure:11594: checking dynamic linker characteristics
configure:12175: gcc -o conftest -g -O2   -Wl,-rpath -Wl,/foo conftest.c  >&5
configure:12175: $? = 0
configure:12424: result: GNU/Linux ld.so
configure:12546: checking how to hardcode library paths into programs
configure:12571: result: immediate
configure:13119: checking whether stripping libraries is possible
configure:13124: result: yes
configure:13159: checking if libtool supports shared libraries
configure:13161: result: yes
configure:13164: checking whether to build shared libraries
configure:13189: result: yes
configure:13192: checking whether to build static libraries
configure:13196: result: yes
configure:9995: checking how to run the C++ preprocessor
configure:10022: g++ -E  conftest.cpp
configure:10022: $? = 0
configure:10036: g++ -E  conftest.cpp
conftest.cpp:28:10: fatal error: ac_nonexistent.h: No such file or directory
   28 | #include <ac_nonexistent.h>
      |          ^~~~~~~~~~~~~~~~~~
compilation terminated.
configure:10036: $? = 1
configure: failed program was:
| /* confdefs.h */
| #define PACKAGE_NAME "protobuf-c"
| #define PACKAGE_TARNAME "protobuf-c"
| #define PACKAGE_VERSION "1.3.3"
| #define PACKAGE_STRING "protobuf-c 1.3.3"
| #define PACKAGE_BUGREPORT "https://github.com/protobuf-c/protobuf-c/issues"
| #define PACKAGE_URL "https://github.com/protobuf-c/protobuf-c"
| #define PACKAGE "protobuf-c"
| #define VERSION "1.3.3"
| #define STDC_HEADERS 1
| #define HAVE_SYS_TYPES_H 1
| #define HAVE_SYS_STAT_H 1
| #define HAVE_STDLIB_H 1
| #define HAVE_STRING_H 1
| #define HAVE_MEMORY_H 1
| #define HAVE_STRINGS_H 1
| #define HAVE_INTTYPES_H 1
| #define HAVE_STDINT_H 1
| #define HAVE_UNISTD_H 1
| #define __EXTENSIONS__ 1
| #define _ALL_SOURCE 1
| #define _GNU_SOURCE 1
| #define _POSIX_PTHREAD_SEMANTICS 1
| #define _TANDEM_SOURCE 1
| #define HAVE_DLFCN_H 1
| #define LT_OBJDIR ".libs/"
| /* end confdefs.h.  */
| #include <ac_nonexistent.h>
configure:10061: result: g++ -E
configure:10081: g++ -E  conftest.cpp
configure:10081: $? = 0
configure:10095: g++ -E  conftest.cpp
conftest.cpp:28:10: fatal error: ac_nonexistent.h: No such file or directory
   28 | #include <ac_nonexistent.h>
      |          ^~~~~~~~~~~~~~~~~~
compilation terminated.
configure:10095: $? = 1
configure: failed program was:
| /* confdefs.h */
| #define PACKAGE_NAME "protobuf-c"
| #define PACKAGE_TARNAME "protobuf-c"
| #define PACKAGE_VERSION "1.3.3"
| #define PACKAGE_STRING "protobuf-c 1.3.3"
| #define PACKAGE_BUGREPORT "https://github.com/protobuf-c/protobuf-c/issues"
| #define PACKAGE_URL "https://github.com/protobuf-c/protobuf-c"
| #define PACKAGE "protobuf-c"
| #define VERSION "1.3.3"
| #define STDC_HEADERS 1
| #define HAVE_SYS_TYPES_H 1
| #define HAVE_SYS_STAT_H 1
| #define HAVE_STDLIB_H 1
| #define HAVE_STRING_H 1
| #define HAVE_MEMORY_H 1
| #define HAVE_STRINGS_H 1
| #define HAVE_INTTYPES_H 1
| #define HAVE_STDINT_H 1
| #define HAVE_UNISTD_H 1
| #define __EXTENSIONS__ 1
| #define _ALL_SOURCE 1
| #define _GNU_SOURCE 1
| #define _POSIX_PTHREAD_SEMANTICS 1
| #define _TANDEM_SOURCE 1
| #define HAVE_DLFCN_H 1
| #define LT_OBJDIR ".libs/"
| /* end confdefs.h.  */
| #include <ac_nonexistent.h>
configure:10257: checking for ld used by g++
configure:10324: result: /usr/bin/ld -m elf_x86_64
configure:10331: checking if the linker (/usr/bin/ld -m elf_x86_64) is GNU ld
configure:10346: result: yes
configure:10401: checking whether the g++ linker (/usr/bin/ld -m elf_x86_64) supports shared libraries
configure:11474: result: yes
configure:11510: g++ -c -g -O2  conftest.cpp >&5
configure:11513: $? = 0
configure:11994: checking for g++ option to produce PIC
configure:12001: result: -fPIC -DPIC
configure:12009: checking if g++ PIC flag -fPIC -DPIC works
configure:12027: g++ -c -g -O2  -fPIC -DPIC -DPIC conftest.cpp >&5
configure:12031: $? = 0
configure:12044: result: yes
configure:12067: checking if g++ static flag -static works
configure:12095: result: yes
configure:12107: checking if g++ supports -c -o file.o
configure:12128: g++ -c -g -O2  -o out/conftest2.o conftest.cpp >&5
configure:12132: $? = 0
configure:12154: result: yes
configure:12159: checking if g++ supports -c -o file.o
configure:12206: result: yes
configure:12236: checking whether the g++ linker (/usr/bin/ld -m elf_x86_64) supports shared libraries
configure:12279: result: yes
configure:12420: checking dynamic linker characteristics
configure:13177: result: GNU/Linux ld.so
configure:13242: checking how to hardcode library paths into programs
configure:13267: result: immediate
configure:12182: checking whether C compiler accepts "-Wc99-c11-compat"
configure:12201: gcc -c -g -O2  -Wc99-c11-compat  conftest.c >&5
configure:12201: $? = 0
configure:12210: result: yes
configure:12219: checking whether C compiler accepts "-Werror=incompatible-pointer-types"
configure:12238: gcc -c -g -O2  -Werror=incompatible-pointer-types  conftest.c >&5
configure:12238: $? = 0
configure:12247: result: yes
configure:12256: checking whether C compiler accepts "-Werror=int-conversion"
configure:12275: gcc -c -g -O2  -Werror=int-conversion  conftest.c >&5
configure:12275: $? = 0
configure:12284: result: yes
configure:12293: checking whether C compiler accepts "-Wnull-dereference"
configure:12312: gcc -c -g -O2  -Wnull-dereference  conftest.c >&5
configure:12312: $? = 0
configure:12321: result: yes
configure:12335: checking for doxygen
configure:12365: result: no
configure:12443: checking for pkg-config
configure:12461: found /usr/bin/pkg-config
configure:12473: result: /usr/bin/pkg-config
configure:12498: checking pkg-config is at least version 0.9.0
configure:12501: result: yes
configure:12575: checking whether g++ supports C++11 features with -std=c++11
configure:12871: g++ -std=c++11 -c -g -O2  conftest.cpp >&5
configure:12871: $? = 0
configure:12880: result: yes
configure:12922: checking for protobuf
configure:12929: $PKG_CONFIG --exists --print-errors "protobuf >= 3.0.0"
Package protobuf was not found in the pkg-config search path.
Perhaps you should add the directory containing `protobuf.pc'
to the PKG_CONFIG_PATH environment variable
No package 'protobuf' found
configure:12932: $? = 1
configure:12946: $PKG_CONFIG --exists --print-errors "protobuf >= 3.0.0"
Package protobuf was not found in the pkg-config search path.
Perhaps you should add the directory containing `protobuf.pc'
to the PKG_CONFIG_PATH environment variable
No package 'protobuf' found
configure:12949: $? = 1
configure:12963: result: no
No package 'protobuf' found
configure:12981: checking for protobuf
configure:12988: $PKG_CONFIG --exists --print-errors "protobuf >= 2.6.0"
Package protobuf was not found in the pkg-config search path.
Perhaps you should add the directory containing `protobuf.pc'
to the PKG_CONFIG_PATH environment variable
No package 'protobuf' found
configure:12991: $? = 1
configure:13005: $PKG_CONFIG --exists --print-errors "protobuf >= 2.6.0"
Package protobuf was not found in the pkg-config search path.
Perhaps you should add the directory containing `protobuf.pc'
to the PKG_CONFIG_PATH environment variable
No package 'protobuf' found
configure:13008: $? = 1
configure:13022: result: no
No package 'protobuf' found
configure:13038: error: Package requirements (protobuf >= 2.6.0) were not met:

No package 'protobuf' found

Consider adjusting the PKG_CONFIG_PATH environment variable if you
installed software in a non-standard prefix.

Alternatively, you may set the environment variables protobuf_CFLAGS
and protobuf_LIBS to avoid the need to call pkg-config.
See the pkg-config man page for more details.

## ---------------- ##
## Cache variables. ##
## ---------------- ##

ac_cv_build=x86_64-pc-linux-gnu
ac_cv_c_compiler_gnu=yes
ac_cv_cxx_compiler_gnu=yes
ac_cv_env_CCC_set=
ac_cv_env_CCC_value=
ac_cv_env_CC_set=
ac_cv_env_CC_value=
ac_cv_env_CFLAGS_set=
ac_cv_env_CFLAGS_value=
ac_cv_env_CPPFLAGS_set=
ac_cv_env_CPPFLAGS_value=
ac_cv_env_CPP_set=
ac_cv_env_CPP_value=
ac_cv_env_CXXCPP_set=
ac_cv_env_CXXCPP_value=
ac_cv_env_CXXFLAGS_set=
ac_cv_env_CXXFLAGS_value=
ac_cv_env_CXX_set=
ac_cv_env_CXX_value=
ac_cv_env_LDFLAGS_set=
ac_cv_env_LDFLAGS_value=
ac_cv_env_LIBS_set=
ac_cv_env_LIBS_value=
ac_cv_env_LT_SYS_LIBRARY_PATH_set=
ac_cv_env_LT_SYS_LIBRARY_PATH_value=
ac_cv_env_PKG_CONFIG_LIBDIR_set=
ac_cv_env_PKG_CONFIG_LIBDIR_value=
ac_cv_env_PKG_CONFIG_PATH_set=
ac_cv_env_PKG_CONFIG_PATH_value=
ac_cv_env_PKG_CONFIG_set=
ac_cv_env_PKG_CONFIG_value=
ac_cv_env_PROTOC_set=
ac_cv_env_PROTOC_value=
ac_cv_env_build_alias_set=
ac_cv_env_build_alias_value=
ac_cv_env_host_alias_set=
ac_cv_env_host_alias_value=
ac_cv_env_protobuf_CFLAGS_set=
ac_cv_env_protobuf_CFLAGS_value=
ac_cv_env_protobuf_LIBS_set=
ac_cv_env_protobuf_LIBS_value=
ac_cv_env_target_alias_set=
ac_cv_env_target_alias_value=
ac_cv_header_dlfcn_h=yes
ac_cv_header_inttypes_h=yes
ac_cv_header_memory_h=yes
ac_cv_header_minix_config_h=no
ac_cv_header_stdc=yes
ac_cv_header_stdint_h=yes
ac_cv_header_stdlib_h=yes
ac_cv_header_string_h=yes
ac_cv_header_strings_h=yes
ac_cv_header_sys_stat_h=yes
ac_cv_header_sys_types_h=yes
ac_cv_header_unistd_h=yes
ac_cv_host=x86_64-pc-linux-gnu
ac_cv_objext=o
ac_cv_path_EGREP='/usr/bin/grep -E'
ac_cv_path_FGREP='/usr/bin/grep -F'
ac_cv_path_GREP=/usr/bin/grep
ac_cv_path_SED=/usr/bin/sed
ac_cv_path_ac_pt_PKG_CONFIG=/usr/bin/pkg-config
ac_cv_path_install='/usr/bin/install -c'
ac_cv_path_lt_DD=/usr/bin/dd
ac_cv_path_mkdir=/usr/bin/mkdir
ac_cv_prog_AWK=gawk
ac_cv_prog_CPP='gcc -E'
ac_cv_prog_CXXCPP='g++ -E'
ac_cv_prog_ac_ct_AR=ar
ac_cv_prog_ac_ct_CC=gcc
ac_cv_prog_ac_ct_CXX=g++
ac_cv_prog_ac_ct_MANIFEST_TOOL=mt
ac_cv_prog_ac_ct_OBJDUMP=objdump
ac_cv_prog_ac_ct_RANLIB=ranlib
ac_cv_prog_ac_ct_STRIP=strip
ac_cv_prog_cc_c89=
ac_cv_prog_cc_c99=
ac_cv_prog_cc_g=yes
ac_cv_prog_cc_stdc=
ac_cv_prog_cxx_g=yes
ac_cv_prog_make_make_set=yes
ac_cv_safe_to_define___extensions__=yes
ac_cv_sys_file_offset_bits=no
ac_cv_sys_largefile_CC=no
am_cv_CC_dependencies_compiler_type=gcc3
am_cv_CXX_dependencies_compiler_type=gcc3
am_cv_make_support_nested_variables=yes
am_cv_prog_cc_c_o=yes
ax_cv_check_cflags___Wc99_c11_compat=yes
ax_cv_check_cflags___Werror_incompatible_pointer_types=yes
ax_cv_check_cflags___Werror_int_conversion=yes
ax_cv_check_cflags___Wnull_dereference=yes
ax_cv_cxx_compile_cxx11__std_cpp11=yes
lt_cv_ar_at_file=@
lt_cv_archive_cmds_need_lc=no
lt_cv_deplibs_check_method=pass_all
lt_cv_file_magic_cmd='$MAGIC_CMD'
lt_cv_file_magic_test_file=
lt_cv_ld_reload_flag=-r
lt_cv_nm_interface='BSD nm'
lt_cv_objdir=.libs
lt_cv_path_LD=/usr/bin/ld
lt_cv_path_LDCXX='/usr/bin/ld -m elf_x86_64'
lt_cv_path_NM='/usr/bin/nm -B'
lt_cv_path_mainfest_tool=no
lt_cv_prog_compiler_c_o=yes
lt_cv_prog_compiler_c_o_CXX=yes
lt_cv_prog_compiler_pic='-fPIC -DPIC'
lt_cv_prog_compiler_pic_CXX='-fPIC -DPIC'
lt_cv_prog_compiler_pic_works=yes
lt_cv_prog_compiler_pic_works_CXX=yes
lt_cv_prog_compiler_rtti_exceptions=no
lt_cv_prog_compiler_static_works=yes
lt_cv_prog_compiler_static_works_CXX=yes
lt_cv_prog_gnu_ld=yes
lt_cv_prog_gnu_ldcxx=yes
lt_cv_sharedlib_from_linklib_cmd='printf %s\n'
lt_cv_shlibpath_overrides_runpath=yes
lt_cv_sys_global_symbol_pipe='sed -n -e '\''s/^.*[	 ]\([ABCDGIRSTW][ABCDGIRSTW]*\)[	 ][	 ]*\([_A-Za-z][_A-Za-z0-9]*\)$/\1 \2 \2/p'\'' | sed '\''/ __gnu_lto/d'\'''
lt_cv_sys_global_symbol_to_c_name_address='sed -n -e '\''s/^: \(.*\) .*$/  {"\1", (void *) 0},/p'\'' -e '\''s/^[ABCDGIRSTW][ABCDGIRSTW]* .* \(.*\)$/  {"\1", (void *) \&\1},/p'\'''
lt_cv_sys_global_symbol_to_c_name_address_lib_prefix='sed -n -e '\''s/^: \(.*\) .*$/  {"\1", (void *) 0},/p'\'' -e '\''s/^[ABCDGIRSTW][ABCDGIRSTW]* .* \(lib.*\)$/  {"\1", (void *) \&\1},/p'\'' -e '\''s/^[ABCDGIRSTW][ABCDGIRSTW]* .* \(.*\)$/  {"lib\1", (void *) \&\1},/p'\'''
lt_cv_sys_global_symbol_to_cdecl='sed -n -e '\''s/^T .* \(.*\)$/extern int \1();/p'\'' -e '\''s/^[ABCDGIRSTW][ABCDGIRSTW]* .* \(.*\)$/extern char \1;/p'\'''
lt_cv_sys_global_symbol_to_import=
lt_cv_sys_max_cmd_len=1572864
lt_cv_to_host_file_cmd=func_convert_file_noop
lt_cv_to_tool_file_cmd=func_convert_file_noop
lt_cv_truncate_bin='/usr/bin/dd bs=4096 count=1'

## ----------------- ##
## Output variables. ##
## ----------------- ##

ACLOCAL='${SHELL} /mnt/c/Users/Iscle/CLionProjects/librespot-c/lib/protobuf-c/build-aux/missing aclocal-1.16'
AMDEPBACKSLASH='\'
AMDEP_FALSE='#'
AMDEP_TRUE=''
AMTAR='$${TAR-tar}'
AM_BACKSLASH='\'
AM_DEFAULT_V='$(AM_DEFAULT_VERBOSITY)'
AM_DEFAULT_VERBOSITY='0'
AM_V='$(V)'
AR='ar'
AUTOCONF='${SHELL} /mnt/c/Users/Iscle/CLionProjects/librespot-c/lib/protobuf-c/build-aux/missing autoconf'
AUTOHEADER='${SHELL} /mnt/c/Users/Iscle/CLionProjects/librespot-c/lib/protobuf-c/build-aux/missing autoheader'
AUTOMAKE='${SHELL} /mnt/c/Users/Iscle/CLionProjects/librespot-c/lib/protobuf-c/build-aux/missing automake-1.16'
AWK='gawk'
BUILD_COMPILER_FALSE=''
BUILD_COMPILER_TRUE=''
BUILD_PROTO3_FALSE=''
BUILD_PROTO3_TRUE=''
CC='gcc'
CCDEPMODE='depmode=gcc3'
CFLAGS='-g -O2'
CODE_COVERAGE_CFLAGS=''
CODE_COVERAGE_ENABLED=''
CODE_COVERAGE_ENABLED_FALSE=''
CODE_COVERAGE_ENABLED_TRUE=''
CODE_COVERAGE_LDFLAGS=''
CODE_COVERAGE_RULES=''
CPP='gcc -E'
CPPFLAGS=''
CROSS_COMPILING_FALSE=''
CROSS_COMPILING_TRUE=''
CXX='g++ -std=c++11'
CXXCPP='g++ -E -std=c++11'
CXXDEPMODE='depmode=gcc3'
CXXFLAGS='-g -O2'
CYGPATH_W='echo'
DEFS=''
DEPDIR='.deps'
DLLTOOL='false'
DOXYGEN=''
DOXYGEN_INPUT=''
DSYMUTIL=''
DUMPBIN=''
ECHO_C=''
ECHO_N='-n'
ECHO_T=''
EGREP='/usr/bin/grep -E'
EXEEXT=''
FGREP='/usr/bin/grep -F'
GENHTML=''
GREP='/usr/bin/grep'
HAVE_CXX11='1'
HAVE_DOXYGEN_FALSE=''
HAVE_DOXYGEN_TRUE='#'
HAVE_LD_VERSION_SCRIPT_FALSE=''
HAVE_LD_VERSION_SCRIPT_TRUE=''
INSTALL_DATA='${INSTALL} -m 644'
INSTALL_PROGRAM='${INSTALL}'
INSTALL_SCRIPT='${INSTALL}'
INSTALL_STRIP_PROGRAM='$(install_sh) -c -s'
LCOV=''
LD='/usr/bin/ld -m elf_x86_64'
LDFLAGS=''
LIBOBJS=''
LIBS=''
LIBTOOL='$(SHELL) $(top_builddir)/libtool'
LIPO=''
LN_S='ln -s'
LTLIBOBJS=''
LT_SYS_LIBRARY_PATH=''
MAKEINFO='${SHELL} /mnt/c/Users/Iscle/CLionProjects/librespot-c/lib/protobuf-c/build-aux/missing makeinfo'
MANIFEST_TOOL=':'
MKDIR_P='/usr/bin/mkdir -p'
NM='/usr/bin/nm -B'
NMEDIT=''
OBJDUMP='objdump'
OBJEXT='o'
OTOOL64=''
OTOOL=''
PACKAGE='protobuf-c'
PACKAGE_BUGREPORT='https://github.com/protobuf-c/protobuf-c/issues'
PACKAGE_DESCRIPTION='Protocol Buffers implementation in C'
PACKAGE_NAME='protobuf-c'
PACKAGE_STRING='protobuf-c 1.3.3'
PACKAGE_TARNAME='protobuf-c'
PACKAGE_URL='https://github.com/protobuf-c/protobuf-c'
PACKAGE_VERSION='1.3.3'
PATH_SEPARATOR=':'
PKG_CONFIG='/usr/bin/pkg-config'
PKG_CONFIG_LIBDIR=''
PKG_CONFIG_PATH=''
PROTOC=''
RANLIB='ranlib'
SED='/usr/bin/sed'
SET_MAKE=''
SHELL='/bin/bash'
STRIP='strip'
VALGRIND=''
VERSION='1.3.3'
ac_ct_AR='ar'
ac_ct_CC='gcc'
ac_ct_CXX='g++'
ac_ct_DUMPBIN=''
am__EXEEXT_FALSE=''
am__EXEEXT_TRUE=''
am__fastdepCC_FALSE='#'
am__fastdepCC_TRUE=''
am__fastdepCXX_FALSE='#'
am__fastdepCXX_TRUE=''
am__include='include'
am__isrc=''
am__leading_dot='.'
am__nodep='_no'
am__quote=''
am__tar='$${TAR-tar} chof - "$$tardir"'
am__untar='$${TAR-tar} xf -'
bindir='${exec_prefix}/bin'
build='x86_64-pc-linux-gnu'
build_alias=''
build_cpu='x86_64'
build_os='linux-gnu'
build_vendor='pc'
datadir='${datarootdir}'
datarootdir='${prefix}/share'
docdir='${datarootdir}/doc/${PACKAGE_TARNAME}'
dvidir='${docdir}'
exec_prefix='NONE'
host='x86_64-pc-linux-gnu'
host_alias=''
host_cpu='x86_64'
host_os='linux-gnu'
host_vendor='pc'
htmldir='${docdir}'
includedir='${prefix}/include'
infodir='${datarootdir}/info'
install_sh='${SHELL} /mnt/c/Users/Iscle/CLionProjects/librespot-c/lib/protobuf-c/build-aux/install-sh'
libdir='${exec_prefix}/lib'
libexecdir='${exec_prefix}/libexec'
localedir='${datarootdir}/locale'
localstatedir='${prefix}/var'
mandir='${datarootdir}/man'
mkdir_p='$(MKDIR_P)'
my_CFLAGS='-Wall -Wchar-subscripts -Wdeclaration-after-statement -Wformat-security -Wmissing-declarations -Wmissing-prototypes -Wnested-externs -Wpointer-arith -Wshadow -Wsign-compare -Wstrict-prototypes -Wtype-limits  -Wc99-c11-compat -Werror=incompatible-pointer-types -Werror=int-conversion -Wnull-dereference'
oldincludedir='/usr/include'
pdfdir='${docdir}'
pkgconfigdir='${libdir}/pkgconfig'
prefix='/home/iscle/install'
program_transform_name='s,x,x,'
protobuf_CFLAGS=''
protobuf_LIBS=''
psdir='${docdir}'
runstatedir='${localstatedir}/run'
sbindir='${exec_prefix}/sbin'
sharedstatedir='${prefix}/com'
sysconfdir='${prefix}/etc'
target_alias=''

## ----------- ##
## confdefs.h. ##
## ----------- ##

/* confdefs.h */
#define PACKAGE_NAME "protobuf-c"
#define PACKAGE_TARNAME "protobuf-c"
#define PACKAGE_VERSION "1.3.3"
#define PACKAGE_STRING "protobuf-c 1.3.3"
#define PACKAGE_BUGREPORT "https://github.com/protobuf-c/protobuf-c/issues"
#define PACKAGE_URL "https://github.com/protobuf-c/protobuf-c"
#define PACKAGE "protobuf-c"
#define VERSION "1.3.3"
#define STDC_HEADERS 1
#define HAVE_SYS_TYPES_H 1
#define HAVE_SYS_STAT_H 1
#define HAVE_STDLIB_H 1
#define HAVE_STRING_H 1
#define HAVE_MEMORY_H 1
#define HAVE_STRINGS_H 1
#define HAVE_INTTYPES_H 1
#define HAVE_STDINT_H 1
#define HAVE_UNISTD_H 1
#define __EXTENSIONS__ 1
#define _ALL_SOURCE 1
#define _GNU_SOURCE 1
#define _POSIX_PTHREAD_SEMANTICS 1
#define _TANDEM_SOURCE 1
#define HAVE_DLFCN_H 1
#define LT_OBJDIR ".libs/"
#define HAVE_CXX11 1

configure: exit 1
